TN:
SF:src\app.js
FN:25,(anonymous_0)
FN:26,(anonymous_1)
FN:38,(anonymous_2)
FNF:3
FNH:0
FNDA:0,(anonymous_0)
FNDA:0,(anonymous_1)
FNDA:0,(anonymous_2)
DA:11,0
DA:13,0
DA:15,0
DA:16,0
DA:17,0
DA:20,0
DA:22,0
DA:24,0
DA:25,0
DA:26,0
DA:29,0
DA:30,0
DA:31,0
DA:33,0
DA:37,0
DA:38,0
DA:39,0
DA:44,0
LF:18
LH:0
BRDA:20,0,0,0
BRDA:20,0,1,0
BRDA:22,1,0,0
BRDA:22,1,1,0
BRDA:33,2,0,0
BRDA:33,2,1,0
BRDA:37,3,0,0
BRDA:37,3,1,0
BRF:8
BRH:0
end_of_record
TN:
SF:src\config.js
FNF:0
FNH:0
DA:1,0
LF:1
LH:0
BRDA:2,0,0,0
BRDA:2,0,1,0
BRDA:3,1,0,0
BRDA:3,1,1,0
BRDA:4,2,0,0
BRDA:4,2,1,0
BRDA:5,3,0,0
BRDA:5,3,1,0
BRF:8
BRH:0
end_of_record
TN:
SF:src\analysis\unified-project-analyzer.js
FN:12,(anonymous_0)
FN:29,(anonymous_1)
FN:65,(anonymous_2)
FN:74,(anonymous_3)
FN:106,(anonymous_4)
FN:136,(anonymous_5)
FN:159,(anonymous_6)
FN:179,(anonymous_7)
FN:203,(anonymous_8)
FN:217,(anonymous_9)
FN:236,(anonymous_10)
FN:259,(anonymous_11)
FN:268,(anonymous_12)
FN:276,(anonymous_13)
FN:282,(anonymous_14)
FN:288,(anonymous_15)
FN:296,(anonymous_16)
FN:302,(anonymous_17)
FN:314,(anonymous_18)
FN:336,(anonymous_19)
FN:345,(anonymous_20)
FN:356,(anonymous_21)
FN:380,(anonymous_22)
FNF:23
FNH:0
FNDA:0,(anonymous_0)
FNDA:0,(anonymous_1)
FNDA:0,(anonymous_2)
FNDA:0,(anonymous_3)
FNDA:0,(anonymous_4)
FNDA:0,(anonymous_5)
FNDA:0,(anonymous_6)
FNDA:0,(anonymous_7)
FNDA:0,(anonymous_8)
FNDA:0,(anonymous_9)
FNDA:0,(anonymous_10)
FNDA:0,(anonymous_11)
FNDA:0,(anonymous_12)
FNDA:0,(anonymous_13)
FNDA:0,(anonymous_14)
FNDA:0,(anonymous_15)
FNDA:0,(anonymous_16)
FNDA:0,(anonymous_17)
FNDA:0,(anonymous_18)
FNDA:0,(anonymous_19)
FNDA:0,(anonymous_20)
FNDA:0,(anonymous_21)
FNDA:0,(anonymous_22)
DA:1,0
DA:2,0
DA:3,0
DA:5,0
DA:13,0
DA:14,0
DA:15,0
DA:16,0
DA:30,0
DA:32,0
DA:34,0
DA:37,0
DA:40,0
DA:43,0
DA:46,0
DA:49,0
DA:52,0
DA:54,0
DA:55,0
DA:57,0
DA:58,0
DA:66,0
DA:67,0
DA:75,0
DA:79,0
DA:107,0
DA:110,0
DA:137,0
DA:140,0
DA:160,0
DA:163,0
DA:180,0
DA:182,0
DA:187,0
DA:189,0
DA:190,0
DA:206,0
DA:219,0
DA:220,0
DA:223,0
DA:237,0
DA:240,0
DA:241,0
DA:245,0
DA:248,0
DA:251,0
DA:253,0
DA:260,0
DA:269,0
DA:277,0
DA:283,0
DA:289,0
DA:297,0
DA:302,0
DA:305,0
DA:317,0
DA:339,0
DA:348,0
DA:358,0
DA:359,0
DA:365,0
DA:366,0
DA:374,0
DA:382,0
DA:386,0
LF:65
LH:0
BRDA:12,0,0,0
BRDA:13,1,0,0
BRDA:13,1,1,0
BRDA:14,2,0,0
BRDA:14,2,1,0
BRDA:15,3,0,0
BRDA:15,3,1,0
BRDA:219,4,0,0
BRDA:219,4,1,0
BRDA:240,5,0,0
BRDA:240,5,1,0
BRDA:269,6,0,0
BRDA:269,6,1,0
BRDA:276,7,0,0
BRDA:276,7,1,0
BRDA:277,8,0,0
BRDA:277,8,1,0
BRDA:282,9,0,0
BRDA:282,9,1,0
BRDA:283,10,0,0
BRDA:283,10,1,0
BRDA:289,11,0,0
BRDA:289,11,1,0
BRDA:358,12,0,0
BRDA:358,12,1,0
BRDA:358,13,0,0
BRDA:358,13,1,0
BRDA:365,14,0,0
BRDA:365,14,1,0
BRDA:365,15,0,0
BRDA:365,15,1,0
BRF:31
BRH:0
end_of_record
TN:
SF:src\api\canvasApi.js
FN:2,(anonymous_0)
FN:14,(anonymous_1)
FN:18,(anonymous_2)
FNF:3
FNH:0
FNDA:0,(anonymous_0)
FNDA:0,(anonymous_1)
FNDA:0,(anonymous_2)
DA:1,0
DA:4,0
DA:16,0
DA:20,0
LF:4
LH:0
BRF:0
BRH:0
end_of_record
TN:
SF:src\api\discourseApi.js
FN:2,(anonymous_0)
FN:14,(anonymous_1)
FN:18,(anonymous_2)
FNF:3
FNH:0
FNDA:0,(anonymous_0)
FNDA:0,(anonymous_1)
FNDA:0,(anonymous_2)
DA:1,0
DA:4,0
DA:16,0
DA:20,0
LF:4
LH:0
BRF:0
BRH:0
end_of_record
TN:
SF:src\auth\jwtService.js
FN:9,generateJwtToken
FN:28,verifyJwtToken
FNF:2
FNH:0
FNDA:0,generateJwtToken
FNDA:0,verifyJwtToken
DA:10,0
DA:20,0
DA:29,0
DA:30,0
DA:32,0
DA:33,0
LF:6
LH:0
BRF:0
BRH:0
end_of_record
TN:
SF:src\clients\canvas.js
FN:13,(anonymous_0)
FN:26,(anonymous_1)
FN:53,(anonymous_2)
FN:62,(anonymous_3)
FN:72,(anonymous_4)
FNF:5
FNH:0
FNDA:0,(anonymous_0)
FNDA:0,(anonymous_1)
FNDA:0,(anonymous_2)
FNDA:0,(anonymous_3)
FNDA:0,(anonymous_4)
DA:1,0
DA:14,0
DA:15,0
DA:16,0
DA:27,0
DA:28,0
DA:32,0
DA:43,0
DA:44,0
DA:54,0
DA:63,0
DA:73,0
DA:77,0
LF:13
LH:0
BRDA:13,0,0,0
BRDA:14,1,0,0
BRDA:14,1,1,0
BRDA:14,1,2,0
BRDA:15,2,0,0
BRDA:15,2,1,0
BRDA:26,3,0,0
BRDA:38,4,0,0
BRDA:38,4,1,0
BRDA:39,5,0,0
BRDA:39,5,1,0
BRF:11
BRH:0
end_of_record
TN:
SF:src\clients\discourse.js
FN:14,(anonymous_0)
FN:28,(anonymous_1)
FN:64,(anonymous_2)
FN:73,(anonymous_3)
FN:82,(anonymous_4)
FN:91,(anonymous_5)
FNF:6
FNH:0
FNDA:0,(anonymous_0)
FNDA:0,(anonymous_1)
FNDA:0,(anonymous_2)
FNDA:0,(anonymous_3)
FNDA:0,(anonymous_4)
FNDA:0,(anonymous_5)
DA:1,0
DA:15,0
DA:16,0
DA:17,0
DA:18,0
DA:29,0
DA:30,0
DA:34,0
DA:51,0
DA:52,0
DA:65,0
DA:74,0
DA:83,0
DA:92,0
DA:96,0
LF:15
LH:0
BRDA:14,0,0,0
BRDA:15,1,0,0
BRDA:15,1,1,0
BRDA:15,1,2,0
BRDA:16,2,0,0
BRDA:16,2,1,0
BRDA:17,3,0,0
BRDA:17,3,1,0
BRDA:17,3,2,0
BRDA:28,4,0,0
BRDA:40,5,0,0
BRDA:40,5,1,0
BRDA:44,6,0,0
BRDA:44,6,1,0
BRF:14
BRH:0
end_of_record
TN:
SF:src\controllers\authController.js
FN:9,login
FN:34,handleDiscourseSSO
FNF:2
FNH:0
FNDA:0,login
FNDA:0,handleDiscourseSSO
DA:10,0
DA:12,0
DA:14,0
DA:15,0
DA:19,0
DA:22,0
DA:24,0
DA:25,0
DA:35,0
DA:37,0
DA:39,0
DA:40,0
DA:44,0
DA:47,0
DA:49,0
DA:50,0
LF:16
LH:0
BRDA:14,0,0,0
BRDA:14,0,1,0
BRDA:39,1,0,0
BRDA:39,1,1,0
BRF:4
BRH:0
end_of_record
TN:
SF:src\feedback\collector.js
FN:6,(anonymous_0)
FN:22,(anonymous_1)
FN:34,(anonymous_2)
FN:94,(anonymous_3)
FN:142,(anonymous_4)
FN:162,(anonymous_5)
FN:173,(anonymous_6)
FNF:7
FNH:0
FNDA:0,(anonymous_0)
FNDA:0,(anonymous_1)
FNDA:0,(anonymous_2)
FNDA:0,(anonymous_3)
FNDA:0,(anonymous_4)
FNDA:0,(anonymous_5)
FNDA:0,(anonymous_6)
DA:1,0
DA:2,0
DA:3,0
DA:7,0
DA:8,0
DA:9,0
DA:19,0
DA:23,0
DA:24,0
DA:25,0
DA:28,0
DA:30,0
DA:36,0
DA:37,0
DA:38,0
DA:39,0
DA:41,0
DA:71,0
DA:72,0
DA:78,0
DA:81,0
DA:95,0
DA:96,0
DA:99,0
DA:100,0
DA:103,0
DA:104,0
DA:107,0
DA:108,0
DA:110,0
DA:120,0
DA:121,0
DA:122,0
DA:127,0
DA:128,0
DA:130,0
DA:131,0
DA:143,0
DA:145,0
DA:147,0
DA:148,0
DA:150,0
DA:151,0
DA:153,0
DA:154,0
DA:156,0
DA:157,0
DA:159,0
DA:162,0
DA:164,0
DA:165,0
DA:174,0
DA:175,0
DA:183,0
DA:184,0
DA:185,0
DA:189,0
DA:190,0
DA:192,0
DA:193,0
DA:194,0
DA:199,0
DA:200,0
DA:201,0
DA:204,0
DA:208,0
LF:66
LH:0
BRDA:6,0,0,0
BRDA:7,1,0,0
BRDA:7,1,1,0
BRDA:38,2,0,0
BRDA:38,2,1,0
BRDA:95,3,0,0
BRDA:95,3,1,0
BRDA:99,4,0,0
BRDA:99,4,1,0
BRDA:103,5,0,0
BRDA:103,5,1,0
BRDA:115,6,0,0
BRDA:115,6,1,0
BRDA:142,7,0,0
BRDA:151,8,0,0
BRDA:151,8,1,0
BRDA:156,9,0,0
BRDA:156,9,1,0
BRDA:156,10,0,0
BRDA:156,10,1,0
BRDA:157,11,0,0
BRDA:157,11,1,0
BRDA:157,12,0,0
BRDA:157,12,1,0
BRDA:190,13,0,0
BRDA:190,13,1,0
BRDA:192,14,0,0
BRDA:192,14,1,0
BRDA:201,15,0,0
BRDA:201,15,1,0
BRF:30
BRH:0
end_of_record
TN:
SF:src\middleware\authMiddleware.js
FN:6,requireAuth
FNF:1
FNH:0
FNDA:0,requireAuth
DA:7,0
DA:9,0
DA:10,0
DA:13,0
DA:14,0
DA:15,0
DA:16,0
DA:19,0
DA:20,0
DA:22,0
LF:10
LH:0
BRDA:9,0,0,0
BRDA:9,0,1,0
BRDA:15,1,0,0
BRDA:15,1,1,0
BRF:4
BRH:0
end_of_record
TN:
SF:src\models\ModelFactory.js
FN:14,(anonymous_0)
FN:60,(anonymous_1)
FNF:2
FNH:0
FNDA:0,(anonymous_0)
FNDA:0,(anonymous_1)
DA:15,0
DA:16,0
DA:19,0
DA:20,0
DA:23,0
DA:24,0
DA:28,0
DA:30,0
DA:35,0
DA:40,0
DA:45,0
DA:50,0
DA:61,0
DA:64,0
DA:65,0
DA:68,0
DA:69,0
DA:73,0
DA:74,0
DA:77,0
DA:78,0
DA:81,0
DA:82,0
DA:85,0
DA:86,0
DA:89,0
LF:26
LH:0
BRDA:19,0,0,0
BRDA:19,0,1,0
BRDA:23,1,0,0
BRDA:23,1,1,0
BRDA:28,2,0,0
BRDA:28,2,1,0
BRDA:28,2,2,0
BRDA:28,2,3,0
BRDA:28,2,4,0
BRDA:30,3,0,0
BRDA:30,3,1,0
BRDA:35,4,0,0
BRDA:35,4,1,0
BRDA:40,5,0,0
BRDA:40,5,1,0
BRDA:45,6,0,0
BRDA:45,6,1,0
BRDA:64,7,0,0
BRDA:64,7,1,0
BRDA:68,8,0,0
BRDA:68,8,1,0
BRDA:73,9,0,0
BRDA:73,9,1,0
BRDA:74,10,0,0
BRDA:74,10,1,0
BRDA:77,11,0,0
BRDA:77,11,1,0
BRDA:78,12,0,0
BRDA:78,12,1,0
BRDA:81,13,0,0
BRDA:81,13,1,0
BRDA:82,14,0,0
BRDA:82,14,1,0
BRDA:85,15,0,0
BRDA:85,15,1,0
BRDA:86,16,0,0
BRDA:86,16,1,0
BRF:37
BRH:0
end_of_record
TN:
SF:src\models\index.js
FNF:0
FNH:0
DA:8,0
LF:1
LH:0
BRF:0
BRH:0
end_of_record
TN:
SF:src\models\unified\BaseModel.js
FN:7,(anonymous_0)
FN:16,(anonymous_1)
FN:31,(anonymous_2)
FN:39,(anonymous_3)
FN:43,(anonymous_4)
FN:55,(anonymous_5)
FNF:6
FNH:0
FNDA:0,(anonymous_0)
FNDA:0,(anonymous_1)
FNDA:0,(anonymous_2)
FNDA:0,(anonymous_3)
FNDA:0,(anonymous_4)
FNDA:0,(anonymous_5)
DA:8,0
DA:9,0
DA:10,0
DA:17,0
DA:18,0
DA:19,0
DA:22,0
DA:23,0
DA:25,0
DA:32,0
DA:33,0
DA:40,0
DA:43,0
DA:44,0
DA:45,0
DA:49,0
DA:56,0
LF:17
LH:0
BRDA:7,0,0,0
BRDA:16,1,0,0
BRDA:17,2,0,0
BRDA:17,2,1,0
BRDA:44,3,0,0
BRDA:44,3,1,0
BRF:6
BRH:0
end_of_record
TN:
SF:src\models\unified\UserModel.js
FN:7,(anonymous_0)
FN:48,(anonymous_1)
FN:86,(anonymous_2)
FN:104,(anonymous_3)
FN:121,(anonymous_4)
FN:128,(anonymous_5)
FNF:6
FNH:0
FNDA:0,(anonymous_0)
FNDA:0,(anonymous_1)
FNDA:0,(anonymous_2)
FNDA:0,(anonymous_3)
FNDA:0,(anonymous_4)
FNDA:0,(anonymous_5)
DA:8,0
DA:11,0
DA:12,0
DA:13,0
DA:14,0
DA:15,0
DA:16,0
DA:17,0
DA:20,0
DA:21,0
DA:24,0
DA:25,0
DA:26,0
DA:27,0
DA:28,0
DA:31,0
DA:32,0
DA:33,0
DA:34,0
DA:37,0
DA:40,0
DA:41,0
DA:49,0
DA:51,0
DA:52,0
DA:53,0
DA:56,0
DA:57,0
DA:59,0
DA:60,0
DA:64,0
DA:65,0
DA:67,0
DA:69,0
DA:70,0
DA:71,0
DA:73,0
DA:74,0
DA:77,0
DA:78,0
DA:87,0
DA:105,0
DA:122,0
DA:129,0
LF:44
LH:0
BRDA:7,0,0,0
BRDA:7,1,0,0
BRDA:40,2,0,0
BRDA:40,2,1,0
BRDA:49,3,0,0
BRDA:49,3,1,0
BRDA:52,4,0,0
BRDA:52,4,1,0
BRDA:53,5,0,0
BRDA:53,5,1,0
BRDA:53,5,2,0
BRDA:56,6,0,0
BRDA:56,6,1,0
BRDA:56,7,0,0
BRDA:56,7,1,0
BRDA:57,8,0,0
BRDA:57,8,1,0
BRDA:59,9,0,0
BRDA:59,9,1,0
BRDA:59,10,0,0
BRDA:59,10,1,0
BRDA:60,11,0,0
BRDA:60,11,1,0
BRDA:64,12,0,0
BRDA:64,12,1,0
BRDA:64,13,0,0
BRDA:64,13,1,0
BRDA:67,14,0,0
BRDA:67,14,1,0
BRDA:70,15,0,0
BRDA:70,15,1,0
BRDA:70,15,2,0
BRDA:71,16,0,0
BRDA:71,16,1,0
BRDA:72,17,0,0
BRDA:72,17,1,0
BRDA:73,18,0,0
BRDA:73,18,1,0
BRDA:73,18,2,0
BRDA:74,19,0,0
BRDA:74,19,1,0
BRDA:74,19,2,0
BRDA:77,20,0,0
BRDA:77,20,1,0
BRDA:77,21,0,0
BRDA:77,21,1,0
BRDA:78,22,0,0
BRDA:78,22,1,0
BRDA:88,23,0,0
BRDA:88,23,1,0
BRDA:95,24,0,0
BRDA:95,24,1,0
BRDA:96,25,0,0
BRDA:96,25,1,0
BRDA:106,26,0,0
BRDA:106,26,1,0
BRDA:108,27,0,0
BRDA:108,27,1,0
BRDA:110,28,0,0
BRDA:110,28,1,0
BRDA:113,29,0,0
BRDA:113,29,1,0
BRDA:114,30,0,0
BRDA:114,30,1,0
BRF:64
BRH:0
end_of_record
TN:
SF:src\models\unifiedModels\Assignment.js
FN:6,(anonymous_0)
FN:35,(anonymous_1)
FN:53,(anonymous_2)
FN:65,(anonymous_3)
FN:86,(anonymous_4)
FNF:5
FNH:0
FNDA:0,(anonymous_0)
FNDA:0,(anonymous_1)
FNDA:0,(anonymous_2)
FNDA:0,(anonymous_3)
FNDA:0,(anonymous_4)
DA:8,0
DA:9,0
DA:10,0
DA:11,0
DA:12,0
DA:15,0
DA:16,0
DA:17,0
DA:18,0
DA:19,0
DA:20,0
DA:21,0
DA:22,0
DA:25,0
DA:26,0
DA:27,0
DA:30,0
DA:31,0
DA:36,0
DA:54,0
DA:66,0
DA:81,0
DA:82,0
DA:87,0
DA:88,0
DA:91,0
DA:93,0
DA:109,0
DA:110,0
LF:29
LH:0
BRDA:6,0,0,0
BRDA:8,1,0,0
BRDA:8,1,1,0
BRDA:9,2,0,0
BRDA:9,2,1,0
BRDA:9,2,2,0
BRDA:10,3,0,0
BRDA:10,3,1,0
BRDA:11,4,0,0
BRDA:11,4,1,0
BRDA:11,4,2,0
BRDA:12,5,0,0
BRDA:12,5,1,0
BRDA:12,5,2,0
BRDA:15,6,0,0
BRDA:15,6,1,0
BRDA:15,6,2,0
BRDA:16,7,0,0
BRDA:16,7,1,0
BRDA:16,7,2,0
BRDA:17,8,0,0
BRDA:17,8,1,0
BRDA:17,8,2,0
BRDA:18,9,0,0
BRDA:18,9,1,0
BRDA:18,9,2,0
BRDA:19,10,0,0
BRDA:19,10,1,0
BRDA:19,10,2,0
BRDA:20,11,0,0
BRDA:20,11,1,0
BRDA:20,11,2,0
BRDA:21,12,0,0
BRDA:21,12,1,0
BRDA:21,12,2,0
BRDA:22,13,0,0
BRDA:22,13,1,0
BRDA:22,13,2,0
BRDA:25,14,0,0
BRDA:25,14,1,0
BRDA:25,14,2,0
BRDA:26,15,0,0
BRDA:26,15,1,0
BRDA:26,15,2,0
BRDA:27,16,0,0
BRDA:27,16,1,0
BRDA:27,16,2,0
BRDA:30,17,0,0
BRDA:30,17,1,0
BRDA:31,18,0,0
BRDA:31,18,1,0
BRDA:37,19,0,0
BRDA:37,19,1,0
BRDA:56,20,0,0
BRDA:56,20,1,0
BRDA:59,21,0,0
BRDA:59,21,1,0
BRDA:60,22,0,0
BRDA:60,22,1,0
BRDA:87,23,0,0
BRDA:87,23,1,0
BRDA:94,24,0,0
BRDA:94,24,1,0
BRDA:96,25,0,0
BRDA:96,25,1,0
BRDA:102,26,0,0
BRDA:102,26,1,0
BRDA:103,27,0,0
BRDA:103,27,1,0
BRDA:104,28,0,0
BRDA:104,28,1,0
BRDA:105,29,0,0
BRDA:105,29,1,0
BRDA:106,30,0,0
BRDA:106,30,1,0
BRF:75
BRH:0
end_of_record
TN:
SF:src\models\unifiedModels\Course.js
FN:6,(anonymous_0)
FN:34,(anonymous_1)
FN:41,(anonymous_2)
FN:57,(anonymous_3)
FN:72,(anonymous_4)
FN:89,(anonymous_5)
FNF:6
FNH:0
FNDA:0,(anonymous_0)
FNDA:0,(anonymous_1)
FNDA:0,(anonymous_2)
FNDA:0,(anonymous_3)
FNDA:0,(anonymous_4)
FNDA:0,(anonymous_5)
DA:8,0
DA:9,0
DA:10,0
DA:11,0
DA:12,0
DA:15,0
DA:16,0
DA:17,0
DA:18,0
DA:19,0
DA:20,0
DA:23,0
DA:24,0
DA:25,0
DA:26,0
DA:27,0
DA:30,0
DA:31,0
DA:35,0
DA:42,0
DA:58,0
DA:73,0
DA:84,0
DA:85,0
DA:90,0
DA:102,0
DA:103,0
LF:27
LH:0
BRDA:6,0,0,0
BRDA:8,1,0,0
BRDA:8,1,1,0
BRDA:9,2,0,0
BRDA:9,2,1,0
BRDA:9,2,2,0
BRDA:10,3,0,0
BRDA:10,3,1,0
BRDA:10,3,2,0
BRDA:11,4,0,0
BRDA:11,4,1,0
BRDA:11,4,2,0
BRDA:12,5,0,0
BRDA:12,5,1,0
BRDA:12,5,2,0
BRDA:15,6,0,0
BRDA:15,6,1,0
BRDA:15,6,2,0
BRDA:16,7,0,0
BRDA:16,7,1,0
BRDA:16,7,2,0
BRDA:17,8,0,0
BRDA:17,8,1,0
BRDA:17,8,2,0
BRDA:18,9,0,0
BRDA:18,9,1,0
BRDA:18,9,2,0
BRDA:19,10,0,0
BRDA:19,10,1,0
BRDA:20,11,0,0
BRDA:20,11,1,0
BRDA:23,12,0,0
BRDA:23,12,1,0
BRDA:23,12,2,0
BRDA:24,13,0,0
BRDA:24,13,1,0
BRDA:25,14,0,0
BRDA:25,14,1,0
BRDA:25,14,2,0
BRDA:26,15,0,0
BRDA:26,15,1,0
BRDA:27,16,0,0
BRDA:27,16,1,0
BRDA:27,16,2,0
BRDA:30,17,0,0
BRDA:30,17,1,0
BRDA:31,18,0,0
BRDA:31,18,1,0
BRDA:35,19,0,0
BRDA:35,19,1,0
BRDA:43,20,0,0
BRDA:43,20,1,0
BRDA:59,21,0,0
BRDA:59,21,1,0
BRDA:62,22,0,0
BRDA:62,22,1,0
BRF:56
BRH:0
end_of_record
TN:
SF:src\models\unifiedModels\Discussion.js
FN:6,(anonymous_0)
FN:38,(anonymous_1)
FN:45,(anonymous_2)
FN:62,(anonymous_3)
FN:81,(anonymous_4)
FN:98,(anonymous_5)
FNF:6
FNH:0
FNDA:0,(anonymous_0)
FNDA:0,(anonymous_1)
FNDA:0,(anonymous_2)
FNDA:0,(anonymous_3)
FNDA:0,(anonymous_4)
FNDA:0,(anonymous_5)
DA:8,0
DA:9,0
DA:10,0
DA:11,0
DA:12,0
DA:13,0
DA:16,0
DA:17,0
DA:18,0
DA:19,0
DA:20,0
DA:21,0
DA:24,0
DA:25,0
DA:26,0
DA:27,0
DA:28,0
DA:29,0
DA:30,0
DA:31,0
DA:34,0
DA:35,0
DA:39,0
DA:46,0
DA:63,0
DA:82,0
DA:93,0
DA:94,0
DA:99,0
DA:115,0
DA:116,0
LF:31
LH:0
BRDA:6,0,0,0
BRDA:8,1,0,0
BRDA:8,1,1,0
BRDA:9,2,0,0
BRDA:9,2,1,0
BRDA:10,3,0,0
BRDA:10,3,1,0
BRDA:10,3,2,0
BRDA:10,3,3,0
BRDA:11,4,0,0
BRDA:11,4,1,0
BRDA:11,4,2,0
BRDA:12,5,0,0
BRDA:12,5,1,0
BRDA:12,5,2,0
BRDA:13,6,0,0
BRDA:13,6,1,0
BRDA:13,6,2,0
BRDA:13,6,3,0
BRDA:16,7,0,0
BRDA:16,7,1,0
BRDA:16,7,2,0
BRDA:17,8,0,0
BRDA:17,8,1,0
BRDA:17,8,2,0
BRDA:18,9,0,0
BRDA:18,9,1,0
BRDA:19,10,0,0
BRDA:19,10,1,0
BRDA:20,11,0,0
BRDA:20,11,1,0
BRDA:20,11,2,0
BRDA:21,12,0,0
BRDA:21,12,1,0
BRDA:21,12,2,0
BRDA:24,13,0,0
BRDA:24,13,1,0
BRDA:24,13,2,0
BRDA:25,14,0,0
BRDA:25,14,1,0
BRDA:25,14,2,0
BRDA:26,15,0,0
BRDA:26,15,1,0
BRDA:27,16,0,0
BRDA:27,16,1,0
BRDA:28,17,0,0
BRDA:28,17,1,0
BRDA:28,17,2,0
BRDA:29,18,0,0
BRDA:29,18,1,0
BRDA:30,19,0,0
BRDA:30,19,1,0
BRDA:31,20,0,0
BRDA:31,20,1,0
BRDA:34,21,0,0
BRDA:34,21,1,0
BRDA:35,22,0,0
BRDA:35,22,1,0
BRDA:39,23,0,0
BRDA:39,23,1,0
BRDA:47,24,0,0
BRDA:47,24,1,0
BRDA:64,25,0,0
BRDA:64,25,1,0
BRDA:71,26,0,0
BRDA:71,26,1,0
BRDA:74,27,0,0
BRDA:74,27,1,0
BRDA:101,28,0,0
BRDA:101,28,1,0
BRDA:112,29,0,0
BRDA:112,29,1,0
BRF:72
BRH:0
end_of_record
TN:
SF:src\models\unifiedModels\Notification.js
FN:9,(anonymous_0)
FN:29,(anonymous_1)
FN:49,(anonymous_2)
FN:68,(anonymous_3)
FN:85,(anonymous_4)
FNF:5
FNH:0
FNDA:0,(anonymous_0)
FNDA:0,(anonymous_1)
FNDA:0,(anonymous_2)
FNDA:0,(anonymous_3)
FNDA:0,(anonymous_4)
DA:10,0
DA:11,0
DA:12,0
DA:13,0
DA:14,0
DA:15,0
DA:16,0
DA:17,0
DA:18,0
DA:19,0
DA:20,0
DA:21,0
DA:30,0
DA:50,0
DA:69,0
DA:86,0
DA:99,0
LF:17
LH:0
BRDA:9,0,0,0
BRDA:10,1,0,0
BRDA:10,1,1,0
BRDA:12,2,0,0
BRDA:12,2,1,0
BRDA:13,3,0,0
BRDA:13,3,1,0
BRDA:14,4,0,0
BRDA:14,4,1,0
BRDA:15,5,0,0
BRDA:15,5,1,0
BRDA:16,6,0,0
BRDA:16,6,1,0
BRDA:20,7,0,0
BRDA:20,7,1,0
BRDA:21,8,0,0
BRDA:21,8,1,0
BRDA:34,9,0,0
BRDA:34,9,1,0
BRDA:35,10,0,0
BRDA:35,10,1,0
BRDA:38,11,0,0
BRDA:38,11,1,0
BRDA:54,12,0,0
BRDA:54,12,1,0
BRDA:55,13,0,0
BRDA:55,13,1,0
BRDA:55,13,2,0
BRF:28
BRH:0
end_of_record
TN:
SF:src\models\unifiedModels\User.js
FN:9,(anonymous_0)
FN:28,(anonymous_1)
FN:49,(anonymous_2)
FN:53,(anonymous_3)
FN:75,(anonymous_4)
FN:92,(anonymous_5)
FN:108,(anonymous_6)
FNF:7
FNH:0
FNDA:0,(anonymous_0)
FNDA:0,(anonymous_1)
FNDA:0,(anonymous_2)
FNDA:0,(anonymous_3)
FNDA:0,(anonymous_4)
FNDA:0,(anonymous_5)
FNDA:0,(anonymous_6)
DA:10,0
DA:11,0
DA:12,0
DA:13,0
DA:14,0
DA:15,0
DA:16,0
DA:17,0
DA:18,0
DA:19,0
DA:20,0
DA:30,0
DA:32,0
DA:51,0
DA:52,0
DA:53,0
DA:54,0
DA:58,0
DA:76,0
DA:93,0
DA:109,0
DA:112,0
DA:113,0
DA:117,0
DA:124,0
LF:25
LH:0
BRDA:9,0,0,0
BRDA:10,1,0,0
BRDA:10,1,1,0
BRDA:11,2,0,0
BRDA:11,2,1,0
BRDA:12,3,0,0
BRDA:12,3,1,0
BRDA:13,4,0,0
BRDA:13,4,1,0
BRDA:14,5,0,0
BRDA:14,5,1,0
BRDA:17,6,0,0
BRDA:17,6,1,0
BRDA:19,7,0,0
BRDA:19,7,1,0
BRDA:20,8,0,0
BRDA:20,8,1,0
BRDA:35,9,0,0
BRDA:35,9,1,0
BRDA:52,10,0,0
BRDA:52,10,1,0
BRDA:54,11,0,0
BRDA:54,11,1,0
BRDA:66,12,0,0
BRDA:66,12,1,0
BRDA:81,13,0,0
BRDA:81,13,1,0
BRDA:83,14,0,0
BRDA:83,14,1,0
BRDA:94,15,0,0
BRDA:94,15,1,0
BRDA:97,16,0,0
BRDA:97,16,1,0
BRDA:109,17,0,0
BRDA:109,17,1,0
BRDA:112,18,0,0
BRDA:112,18,1,0
BRF:37
BRH:0
end_of_record
TN:
SF:src\models\unifiedModels\index.js
FNF:0
FNH:0
DA:1,0
DA:2,0
DA:5,0
LF:3
LH:0
BRF:0
BRH:0
end_of_record
TN:
SF:src\monitoring\metrics.js
FN:5,(anonymous_0)
FN:16,(anonymous_1)
FN:32,(anonymous_2)
FN:38,(anonymous_3)
FN:44,(anonymous_4)
FN:49,(anonymous_5)
FN:60,(anonymous_6)
FN:76,(anonymous_7)
FN:83,(anonymous_8)
FN:101,(anonymous_9)
FNF:10
FNH:0
FNDA:0,(anonymous_0)
FNDA:0,(anonymous_1)
FNDA:0,(anonymous_2)
FNDA:0,(anonymous_3)
FNDA:0,(anonymous_4)
FNDA:0,(anonymous_5)
FNDA:0,(anonymous_6)
FNDA:0,(anonymous_7)
FNDA:0,(anonymous_8)
FNDA:0,(anonymous_9)
DA:1,0
DA:2,0
DA:6,0
DA:7,0
DA:8,0
DA:9,0
DA:10,0
DA:13,0
DA:18,0
DA:19,0
DA:20,0
DA:23,0
DA:24,0
DA:25,0
DA:26,0
DA:28,0
DA:29,0
DA:33,0
DA:34,0
DA:35,0
DA:39,0
DA:40,0
DA:41,0
DA:45,0
DA:46,0
DA:50,0
DA:51,0
DA:53,0
DA:54,0
DA:56,0
DA:57,0
DA:61,0
DA:62,0
DA:65,0
DA:66,0
DA:69,0
DA:70,0
DA:71,0
DA:76,0
DA:80,0
DA:84,0
DA:86,0
DA:87,0
DA:90,0
DA:91,0
DA:94,0
DA:95,0
DA:96,0
DA:101,0
DA:106,0
DA:111,0
DA:113,0
LF:52
LH:0
BRDA:32,0,0,0
BRDA:33,1,0,0
BRDA:33,1,1,0
BRDA:38,2,0,0
BRDA:39,3,0,0
BRDA:39,3,1,0
BRDA:50,4,0,0
BRDA:50,4,1,0
BRDA:53,5,0,0
BRDA:53,5,1,0
BRDA:61,6,0,0
BRDA:61,6,1,0
BRDA:65,7,0,0
BRDA:65,7,1,0
BRDA:69,8,0,0
BRDA:69,8,1,0
BRDA:95,9,0,0
BRDA:95,9,1,0
BRDA:95,10,0,0
BRDA:95,10,1,0
BRF:20
BRH:0
end_of_record
TN:
SF:src\monitoring\performance.js
FN:5,(anonymous_0)
FN:22,(anonymous_1)
FN:66,(anonymous_2)
FNF:3
FNH:0
FNDA:0,(anonymous_0)
FNDA:0,(anonymous_1)
FNDA:0,(anonymous_2)
DA:1,0
DA:2,0
DA:6,0
DA:7,0
DA:12,0
DA:23,0
DA:24,0
DA:27,0
DA:28,0
DA:29,0
DA:30,0
DA:32,0
DA:33,0
DA:34,0
DA:36,0
DA:37,0
DA:39,0
DA:40,0
DA:47,0
DA:48,0
DA:51,0
DA:67,0
DA:68,0
DA:71,0
DA:72,0
DA:73,0
DA:74,0
DA:76,0
DA:77,0
DA:78,0
DA:80,0
DA:81,0
DA:83,0
DA:84,0
DA:91,0
DA:92,0
DA:95,0
DA:104,0
LF:38
LH:0
BRDA:5,0,0,0
BRDA:8,1,0,0
BRDA:8,1,1,0
BRDA:9,2,0,0
BRDA:9,2,1,0
BRDA:22,3,0,0
BRDA:39,4,0,0
BRDA:39,4,1,0
BRDA:47,5,0,0
BRDA:47,5,1,0
BRDA:66,6,0,0
BRDA:83,7,0,0
BRDA:83,7,1,0
BRDA:91,8,0,0
BRDA:91,8,1,0
BRF:15
BRH:0
end_of_record
TN:
SF:src\monitoring\start.js
FN:10,(anonymous_0)
FN:25,(anonymous_1)
FN:33,(anonymous_2)
FN:35,(anonymous_3)
FNF:4
FNH:0
FNDA:0,(anonymous_0)
FNDA:0,(anonymous_1)
FNDA:0,(anonymous_2)
FNDA:0,(anonymous_3)
DA:1,0
DA:2,0
DA:3,0
DA:4,0
DA:6,0
DA:7,0
DA:10,0
DA:11,0
DA:12,0
DA:13,0
DA:14,0
DA:15,0
DA:16,0
DA:18,0
DA:19,0
DA:24,0
DA:25,0
DA:26,0
DA:27,0
DA:28,0
DA:29,0
DA:33,0
DA:34,0
DA:35,0
DA:36,0
DA:37,0
DA:42,0
DA:43,0
DA:46,0
LF:29
LH:0
BRDA:11,0,0,0
BRDA:11,0,1,0
BRDA:14,1,0,0
BRDA:14,1,1,0
BRDA:24,2,0,0
BRDA:24,2,1,0
BRF:6
BRH:0
end_of_record
TN:
SF:src\routes\authRoutes.js
FNF:0
FNH:0
DA:5,0
DA:8,0
DA:9,0
LF:3
LH:0
BRF:0
BRH:0
end_of_record
TN:
SF:src\routes\notificationRoutes.js
FN:11,(anonymous_0)
FN:32,(anonymous_1)
FNF:2
FNH:0
FNDA:0,(anonymous_0)
FNDA:0,(anonymous_1)
DA:5,0
DA:11,0
DA:12,0
DA:13,0
DA:20,0
DA:21,0
DA:23,0
DA:24,0
DA:32,0
DA:33,0
DA:34,0
DA:35,0
DA:38,0
DA:40,0
DA:43,0
DA:44,0
DA:46,0
LF:17
LH:0
BRDA:17,0,0,0
BRDA:17,0,1,0
BRDA:38,1,0,0
BRDA:38,1,1,0
BRF:4
BRH:0
end_of_record
TN:
SF:src\routes\webhookRoutes.js
FN:11,(anonymous_0)
FN:25,(anonymous_1)
FNF:2
FNH:0
FNDA:0,(anonymous_0)
FNDA:0,(anonymous_1)
DA:5,0
DA:11,0
DA:12,0
DA:13,0
DA:14,0
DA:16,0
DA:17,0
DA:25,0
DA:26,0
DA:27,0
DA:28,0
DA:30,0
DA:31,0
LF:13
LH:0
BRF:0
BRH:0
end_of_record
TN:
SF:src\services\auth.js
FN:14,(anonymous_0)
FN:25,(anonymous_1)
FN:43,(anonymous_2)
FN:72,generateJwt
FN:82,verifyJwt
FNF:5
FNH:0
FNDA:0,(anonymous_0)
FNDA:0,(anonymous_1)
FNDA:0,(anonymous_2)
FNDA:0,generateJwt
FNDA:0,verifyJwt
DA:1,0
DA:2,0
DA:3,0
DA:15,0
DA:16,0
DA:17,0
DA:27,0
DA:44,0
DA:45,0
DA:46,0
DA:49,0
DA:51,0
DA:58,0
DA:59,0
DA:73,0
DA:83,0
DA:84,0
DA:86,0
DA:90,0
LF:19
LH:0
BRDA:3,0,0,0
BRDA:3,0,1,0
BRF:2
BRH:0
end_of_record
TN:
SF:src\services\canvasAuthService.js
FN:9,authenticateCanvasUser
FN:30,mapCanvasUserToInternal
FNF:2
FNH:0
FNDA:0,authenticateCanvasUser
FNDA:0,mapCanvasUserToInternal
DA:10,0
DA:11,0
DA:17,0
DA:18,0
DA:20,0
DA:22,0
DA:23,0
DA:31,0
LF:8
LH:0
BRDA:17,0,0,0
BRDA:17,0,1,0
BRF:2
BRH:0
end_of_record
TN:
SF:src\services\discourseSSOService.js
FN:11,generateDiscourseSSOPayload
FNF:1
FNH:0
FNDA:0,generateDiscourseSSOPayload
DA:13,0
DA:14,0
DA:15,0
DA:17,0
DA:18,0
DA:22,0
DA:23,0
DA:26,0
DA:37,0
DA:38,0
DA:41,0
DA:42,0
DA:43,0
DA:45,0
LF:14
LH:0
BRDA:17,0,0,0
BRDA:17,0,1,0
BRF:2
BRH:0
end_of_record
TN:
SF:src\services\integration.js
FN:12,(anonymous_0)
FN:23,(anonymous_1)
FN:56,(anonymous_2)
FN:67,(anonymous_3)
FNF:4
FNH:0
FNDA:0,(anonymous_0)
FNDA:0,(anonymous_1)
FNDA:0,(anonymous_2)
FNDA:0,(anonymous_3)
DA:1,0
DA:13,0
DA:14,0
DA:15,0
DA:24,0
DA:25,0
DA:28,0
DA:34,0
DA:36,0
DA:43,0
DA:44,0
DA:59,0
DA:68,0
DA:69,0
DA:72,0
DA:79,0
DA:86,0
DA:87,0
DA:95,0
LF:19
LH:0
BRF:0
BRH:0
end_of_record
TN:
SF:src\services\modelSyncService.js
FN:16,(anonymous_0)
FN:54,(anonymous_1)
FN:99,(anonymous_2)
FN:152,(anonymous_3)
FNF:4
FNH:0
FNDA:0,(anonymous_0)
FNDA:0,(anonymous_1)
FNDA:0,(anonymous_2)
FNDA:0,(anonymous_3)
DA:17,0
DA:22,0
DA:23,0
DA:24,0
DA:27,0
DA:28,0
DA:30,0
DA:31,0
DA:34,0
DA:35,0
DA:39,0
DA:41,0
DA:43,0
DA:44,0
DA:55,0
DA:60,0
DA:61,0
DA:62,0
DA:65,0
DA:66,0
DA:69,0
DA:71,0
DA:72,0
DA:75,0
DA:76,0
DA:79,0
DA:83,0
DA:85,0
DA:87,0
DA:88,0
DA:100,0
DA:105,0
DA:106,0
DA:107,0
DA:110,0
DA:111,0
DA:114,0
DA:115,0
DA:118,0
DA:120,0
DA:121,0
DA:124,0
DA:125,0
DA:128,0
DA:129,0
DA:135,0
DA:139,0
DA:141,0
DA:143,0
DA:144,0
DA:155,0
LF:51
LH:0
BRDA:16,0,0,0
BRDA:22,1,0,0
BRDA:22,1,1,0
BRDA:54,2,0,0
BRDA:60,3,0,0
BRDA:60,3,1,0
BRDA:99,4,0,0
BRDA:105,5,0,0
BRDA:105,5,1,0
BRF:9
BRH:0
end_of_record
TN:
SF:src\services\notificationService.js
FN:15,(anonymous_0)
FN:28,(anonymous_1)
FN:29,(anonymous_2)
FN:33,(anonymous_3)
FN:51,(anonymous_4)
FN:73,(anonymous_5)
FN:106,(anonymous_6)
FN:111,(anonymous_7)
FN:116,(anonymous_8)
FN:122,(anonymous_9)
FN:137,(anonymous_10)
FNF:11
FNH:0
FNDA:0,(anonymous_0)
FNDA:0,(anonymous_1)
FNDA:0,(anonymous_2)
FNDA:0,(anonymous_3)
FNDA:0,(anonymous_4)
FNDA:0,(anonymous_5)
FNDA:0,(anonymous_6)
FNDA:0,(anonymous_7)
FNDA:0,(anonymous_8)
FNDA:0,(anonymous_9)
FNDA:0,(anonymous_10)
DA:1,0
DA:2,0
DA:3,0
DA:16,0
DA:18,0
DA:21,0
DA:27,0
DA:28,0
DA:29,0
DA:33,0
DA:34,0
DA:38,0
DA:40,0
DA:41,0
DA:52,0
DA:55,0
DA:56,0
DA:57,0
DA:59,0
DA:60,0
DA:63,0
DA:64,0
DA:74,0
DA:76,0
DA:79,0
DA:82,0
DA:83,0
DA:84,0
DA:87,0
DA:88,0
DA:89,0
DA:92,0
DA:93,0
DA:95,0
DA:97,0
DA:98,0
DA:107,0
DA:110,0
DA:111,0
DA:115,0
DA:116,0
DA:120,0
DA:121,0
DA:122,0
DA:126,0
DA:127,0
DA:130,0
DA:140,0
DA:148,0
LF:49
LH:0
BRDA:15,0,0,0
BRDA:55,1,0,0
BRDA:55,1,1,0
BRDA:110,2,0,0
BRDA:110,2,1,0
BRDA:115,3,0,0
BRDA:115,3,1,0
BRDA:120,4,0,0
BRDA:120,4,1,0
BRDA:126,5,0,0
BRDA:126,5,1,0
BRDA:126,6,0,0
BRDA:126,6,1,0
BRF:13
BRH:0
end_of_record
TN:
SF:src\services\webhookService.js
FN:13,(anonymous_0)
FN:49,(anonymous_1)
FN:84,(anonymous_2)
FN:117,(anonymous_3)
FN:151,(anonymous_4)
FN:177,(anonymous_5)
FNF:6
FNH:0
FNDA:0,(anonymous_0)
FNDA:0,(anonymous_1)
FNDA:0,(anonymous_2)
FNDA:0,(anonymous_3)
FNDA:0,(anonymous_4)
FNDA:0,(anonymous_5)
DA:14,0
DA:15,0
DA:18,0
DA:20,0
DA:23,0
DA:26,0
DA:29,0
DA:32,0
DA:35,0
DA:36,0
DA:39,0
DA:40,0
DA:50,0
DA:51,0
DA:54,0
DA:56,0
DA:59,0
DA:62,0
DA:65,0
DA:68,0
DA:71,0
DA:72,0
DA:75,0
DA:76,0
DA:85,0
DA:88,0
DA:104,0
DA:106,0
DA:118,0
DA:121,0
DA:138,0
DA:140,0
DA:153,0
DA:156,0
DA:165,0
DA:179,0
LF:36
LH:0
BRDA:18,0,0,0
BRDA:18,0,1,0
BRDA:18,0,2,0
BRDA:18,0,3,0
BRDA:18,0,4,0
BRDA:18,0,5,0
BRDA:54,1,0,0
BRDA:54,1,1,0
BRDA:54,1,2,0
BRDA:54,1,3,0
BRDA:54,1,4,0
BRDA:54,1,5,0
BRDA:158,2,0,0
BRDA:158,2,1,0
BRDA:159,3,0,0
BRDA:159,3,1,0
BRDA:159,3,2,0
BRF:17
BRH:0
end_of_record
TN:
SF:src\utils\logger.js
FN:4,createLogger
FN:13,(anonymous_1)
FN:22,(anonymous_2)
FN:31,(anonymous_3)
FN:40,(anonymous_4)
FNF:5
FNH:0
FNDA:0,createLogger
FNDA:0,(anonymous_1)
FNDA:0,(anonymous_2)
FNDA:0,(anonymous_3)
FNDA:0,(anonymous_4)
DA:5,0
DA:7,0
DA:14,0
DA:23,0
DA:32,0
DA:41,0
DA:42,0
DA:48,0
LF:8
LH:0
BRDA:13,0,0,0
BRDA:22,1,0,0
BRDA:31,2,0,0
BRDA:40,3,0,0
BRDA:41,4,0,0
BRDA:41,4,1,0
BRF:6
BRH:0
end_of_record
TN:
SF:src\utils\namingConventions.js
FN:11,toSnakeCase
FN:12,(anonymous_1)
FN:20,toCamelCase
FN:21,(anonymous_3)
FN:30,convertObjectKeys
FN:36,(anonymous_5)
FN:39,(anonymous_6)
FN:56,standardizeModel
FN:111,(anonymous_8)
FN:120,(anonymous_9)
FNF:10
FNH:0
FNDA:0,toSnakeCase
FNDA:0,(anonymous_1)
FNDA:0,toCamelCase
FNDA:0,(anonymous_3)
FNDA:0,convertObjectKeys
FNDA:0,(anonymous_5)
FNDA:0,(anonymous_6)
FNDA:0,standardizeModel
FNDA:0,(anonymous_8)
FNDA:0,(anonymous_9)
DA:12,0
DA:21,0
DA:31,0
DA:33,0
DA:35,0
DA:36,0
DA:39,0
DA:40,0
DA:41,0
DA:45,0
DA:46,0
DA:58,0
DA:104,0
DA:105,0
DA:108,0
DA:111,0
DA:112,0
DA:113,0
DA:114,0
DA:115,0
DA:120,0
DA:121,0
DA:122,0
DA:126,0
LF:24
LH:0
BRDA:30,0,0,0
BRDA:31,1,0,0
BRDA:31,1,1,0
BRDA:31,2,0,0
BRDA:31,2,1,0
BRDA:33,3,0,0
BRDA:33,3,1,0
BRDA:35,4,0,0
BRDA:35,4,1,0
BRDA:41,5,0,0
BRDA:41,5,1,0
BRDA:41,6,0,0
BRDA:41,6,1,0
BRDA:105,7,0,0
BRDA:105,7,1,0
BRDA:112,8,0,0
BRDA:112,8,1,0
BRDA:114,9,0,0
BRDA:114,9,1,0
BRDA:121,10,0,0
BRDA:121,10,1,0
BRF:21
BRH:0
end_of_record
TN:
SF:src\webhooks\canvas.js
FN:13,(anonymous_0)
FN:23,(anonymous_1)
FN:52,(anonymous_2)
FN:62,(anonymous_3)
FN:73,(anonymous_4)
FNF:5
FNH:0
FNDA:0,(anonymous_0)
FNDA:0,(anonymous_1)
FNDA:0,(anonymous_2)
FNDA:0,(anonymous_3)
FNDA:0,(anonymous_4)
DA:1,0
DA:3,0
DA:14,0
DA:15,0
DA:24,0
DA:25,0
DA:27,0
DA:29,0
DA:32,0
DA:35,0
DA:38,0
DA:39,0
DA:42,0
DA:43,0
DA:53,0
DA:54,0
DA:63,0
DA:65,0
DA:74,0
DA:76,0
DA:80,0
LF:21
LH:0
BRDA:27,0,0,0
BRDA:27,0,1,0
BRDA:27,0,2,0
BRDA:27,0,3,0
BRF:4
BRH:0
end_of_record
